=> Booting Puma
=> Rails 6.0.1 application starting in development 
=> Run `rails server --help` for more startup options
Puma starting in single mode...
* Version 4.3.1 (ruby 2.6.3-p62), codename: Mysterious Traveller
* Min threads: 5, max threads: 5
* Environment: development
* Listening on tcp://127.0.0.1:3000
* Listening on tcp://[::1]:3000
Use Ctrl-C to stop
Started GET "/api/v1/findpaths/5,5,2,2" for ::1 at 2019-12-07 14:59:07 +1100
  [1m[35m (0.9ms)[0m  [1m[34mSELECT sqlite_version(*)[0m
Processing by Api::V1::FindpathsController#show as */*
  Parameters: {"id"=>"5,5,2,2"}
Completed 200 OK in 1ms (Views: 0.3ms | ActiveRecord: 0.0ms | Allocations: 277)


Started GET "/api/findpath" for ::1 at 2019-12-07 14:59:14 +1100
  
ActionController::RoutingError (No route matches [GET] "/api/findpath"):
  
actionpack (6.0.1) lib/action_dispatch/middleware/debug_exceptions.rb:36:in `call'
actionpack (6.0.1) lib/action_dispatch/middleware/show_exceptions.rb:33:in `call'
railties (6.0.1) lib/rails/rack/logger.rb:38:in `call_app'
railties (6.0.1) lib/rails/rack/logger.rb:26:in `block in call'
activesupport (6.0.1) lib/active_support/tagged_logging.rb:80:in `block in tagged'
activesupport (6.0.1) lib/active_support/tagged_logging.rb:28:in `tagged'
activesupport (6.0.1) lib/active_support/tagged_logging.rb:80:in `tagged'
railties (6.0.1) lib/rails/rack/logger.rb:26:in `call'
actionpack (6.0.1) lib/action_dispatch/middleware/remote_ip.rb:81:in `call'
actionpack (6.0.1) lib/action_dispatch/middleware/request_id.rb:27:in `call'
rack (2.0.7) lib/rack/runtime.rb:22:in `call'
activesupport (6.0.1) lib/active_support/cache/strategy/local_cache_middleware.rb:29:in `call'
actionpack (6.0.1) lib/action_dispatch/middleware/executor.rb:14:in `call'
actionpack (6.0.1) lib/action_dispatch/middleware/static.rb:126:in `call'
rack (2.0.7) lib/rack/sendfile.rb:111:in `call'
actionpack (6.0.1) lib/action_dispatch/middleware/host_authorization.rb:83:in `call'
rack-cors (1.1.0) lib/rack/cors.rb:100:in `call'
railties (6.0.1) lib/rails/engine.rb:526:in `call'
puma (4.3.1) lib/puma/configuration.rb:228:in `call'
puma (4.3.1) lib/puma/server.rb:681:in `handle_request'
puma (4.3.1) lib/puma/server.rb:472:in `process_client'
puma (4.3.1) lib/puma/server.rb:328:in `block in run'
puma (4.3.1) lib/puma/thread_pool.rb:134:in `block in spawn_thread'
=> Booting Puma
=> Rails 6.0.1 application starting in development 
=> Run `rails server --help` for more startup options
Puma starting in single mode...
* Version 4.3.1 (ruby 2.6.3-p62), codename: Mysterious Traveller
* Min threads: 5, max threads: 5
* Environment: development
* Listening on tcp://127.0.0.1:3001
* Listening on tcp://[::1]:3001
Use Ctrl-C to stop
Started GET "/api/v1/findpaths/0,4,1,1" for ::1 at 2019-12-07 15:01:11 +1100
  [1m[35m (1.3ms)[0m  [1m[34mSELECT sqlite_version(*)[0m
Processing by Api::V1::FindpathsController#show as */*
  Parameters: {"id"=>"0,4,1,1"}
Completed 200 OK in 1ms (Views: 0.3ms | ActiveRecord: 0.0ms | Allocations: 259)


=> Booting Puma
=> Rails 6.0.1 application starting in development 
=> Run `rails server --help` for more startup options
Puma starting in single mode...
* Version 4.3.1 (ruby 2.6.3-p62), codename: Mysterious Traveller
* Min threads: 5, max threads: 5
* Environment: development
* Listening on tcp://127.0.0.1:3001
* Listening on tcp://[::1]:3001
Use Ctrl-C to stop
=> Booting Puma
=> Rails 6.0.1 application starting in development 
=> Run `rails server --help` for more startup options
Puma starting in single mode...
* Version 4.3.1 (ruby 2.6.3-p62), codename: Mysterious Traveller
* Min threads: 5, max threads: 5
* Environment: development
* Listening on tcp://127.0.0.1:3001
* Listening on tcp://[::1]:3001
Use Ctrl-C to stop
Started GET "/api/v1/findpaths/3,7,3,1" for ::1 at 2019-12-07 15:08:04 +1100
  [1m[35m (0.7ms)[0m  [1m[34mSELECT sqlite_version(*)[0m
Processing by Api::V1::FindpathsController#show as */*
  Parameters: {"id"=>"3,7,3,1"}
Completed 200 OK in 1ms (Views: 0.2ms | ActiveRecord: 0.0ms | Allocations: 277)


Started GET "/api/v1/findpaths/1,0,6,0" for ::1 at 2019-12-07 15:08:10 +1100
Processing by Api::V1::FindpathsController#show as */*
  Parameters: {"id"=>"1,0,6,0"}
Completed 200 OK in 0ms (Views: 0.2ms | ActiveRecord: 0.0ms | Allocations: 188)


Started GET "/api/v1/findpaths/0,1,5,5" for ::1 at 2019-12-07 15:08:15 +1100
Processing by Api::V1::FindpathsController#show as */*
  Parameters: {"id"=>"0,1,5,5"}
Completed 200 OK in 0ms (Views: 0.2ms | ActiveRecord: 0.0ms | Allocations: 224)


Started GET "/api/v1/findpaths/4,3,5,2" for ::1 at 2019-12-07 15:12:43 +1100
Processing by Api::V1::FindpathsController#show as */*
  Parameters: {"id"=>"4,3,5,2"}
Completed 200 OK in 0ms (Views: 0.1ms | ActiveRecord: 0.0ms | Allocations: 161)


Started GET "/api/v1/findpaths/0,2,3,3" for ::1 at 2019-12-07 15:12:47 +1100
Processing by Api::V1::FindpathsController#show as */*
  Parameters: {"id"=>"0,2,3,3"}
Completed 200 OK in 0ms (Views: 0.1ms | ActiveRecord: 0.0ms | Allocations: 179)


Started GET "/api/v1/findpaths/5,5,2,7" for ::1 at 2019-12-07 15:12:51 +1100
Processing by Api::V1::FindpathsController#show as */*
  Parameters: {"id"=>"5,5,2,7"}
Completed 200 OK in 0ms (Views: 0.1ms | ActiveRecord: 0.0ms | Allocations: 186)


Started GET "/api/v1/findpaths/7,1,2,0" for ::1 at 2019-12-07 15:12:56 +1100
Processing by Api::V1::FindpathsController#show as */*
  Parameters: {"id"=>"7,1,2,0"}
Completed 200 OK in 0ms (Views: 0.2ms | ActiveRecord: 0.0ms | Allocations: 195)


- Gracefully stopping, waiting for requests to finish
=== puma shutdown: 2019-12-07 15:13:14 +1100 ===
- Goodbye!
Exiting
=> Booting Puma
=> Rails 6.0.1 application starting in development 
=> Run `rails server --help` for more startup options
Puma starting in single mode...
* Version 4.3.1 (ruby 2.6.3-p62), codename: Mysterious Traveller
* Min threads: 5, max threads: 5
* Environment: development
* Listening on tcp://127.0.0.1:3001
* Listening on tcp://[::1]:3001
Use Ctrl-C to stop
Started GET "/api/v1/findpaths/6,0,6,3" for ::1 at 2019-12-07 15:17:33 +1100
  [1m[35m (1.4ms)[0m  [1m[34mSELECT sqlite_version(*)[0m
Processing by Api::V1::FindpathsController#show as */*
  Parameters: {"id"=>"6,0,6,3"}
Completed 200 OK in 1ms (Views: 0.2ms | ActiveRecord: 0.0ms | Allocations: 250)


Started GET "/api/v1/findpaths/3,6,4,5" for ::1 at 2019-12-07 15:17:37 +1100
Processing by Api::V1::FindpathsController#show as */*
  Parameters: {"id"=>"3,6,4,5"}
Completed 200 OK in 0ms (Views: 0.1ms | ActiveRecord: 0.0ms | Allocations: 161)


Started GET "/api/v1/findpaths/1,6,1,3" for ::1 at 2019-12-07 15:17:41 +1100
Processing by Api::V1::FindpathsController#show as */*
  Parameters: {"id"=>"1,6,1,3"}
Completed 200 OK in 0ms (Views: 0.1ms | ActiveRecord: 0.0ms | Allocations: 170)


Started GET "/api/v1/findpaths/7,1,1,6" for ::1 at 2019-12-07 15:17:45 +1100
Processing by Api::V1::FindpathsController#show as */*
  Parameters: {"id"=>"7,1,1,6"}
Completed 200 OK in 0ms (Views: 0.2ms | ActiveRecord: 0.0ms | Allocations: 242)


- Gracefully stopping, waiting for requests to finish
=== puma shutdown: 2019-12-07 15:18:03 +1100 ===
- Goodbye!
Exiting
